HTTPS server is running on https://localhost:10001
redis connect successful
Request path:/DescribeDepositProducts
HTTPS server is running on https://localhost:10001
redis connect successful
Request path:/DescribeDepositProducts
sessionid is invalid
Request path:/DescribeDepositProducts
sessionid is invalid
Request path:/DescribeDepositProducts
sessionid is invalid
onLogin: code:0012vg0h0pmfjz1i2f1h0eTb0h02vg0b
openid: oLdEn48Vhg0IQJzY25ammyoVh9w0
session_key: JOk+IflXwxhVA52XC4JR5A==
session_id:09a935878f781135d1365ca7065dd501
/root/webServer/server3.js:63
				将session_id传递给客户端
				^

ReferenceError: 将session_id传递给客户端 is not defined
    at Request._callback (/root/webServer/server3.js:63:5)
    at Request.self.callback (/root/webServer/node_modules/request/request.js:185:22)
    at Request.emit (events.js:182:13)
    at Request.<anonymous> (/root/webServer/node_modules/request/request.js:1157:10)
    at Request.emit (events.js:182:13)
    at IncomingMessage.<anonymous> (/root/webServer/node_modules/request/request.js:1079:12)
    at Object.onceWrapper (events.js:273:13)
    at IncomingMessage.emit (events.js:187:15)
    at endReadableNT (_stream_readable.js:1081:12)
    at process._tickCallback (internal/process/next_tick.js:63:19)
HTTPS server is running on https://localhost:10001
redis connect successful
HTTPS server is running on https://localhost:10001
redis connect successful
HTTPS server is running on https://localhost:10001
redis connect successful
HTTPS server is running on https://localhost:10001
redis connect successful
Request path:/onLogin
code:001RDj0f2fM3CB0PDp0f2R8t0f2RDj0d
openid: oLdEn48Vhg0IQJzY25ammyoVh9w0
session_key: aXRWMHTYgJs5wpGMUGEGIA==
session_id:714e4f8d878a3f8e61c8d912fdda151b
Request path:/onLogin
code:081ka7KV0nh2TV1nYIJV0Gs1KV0ka7KF
openid: oLdEn48Vhg0IQJzY25ammyoVh9w0
session_key: 6CDwLJYoGL3cuIZAHBRZlg==
session_id:5295e62ed39868c1f81b8619eeef3bd6
Request path:/onLogin
code:021nTv9r0c8d2p1TuX7r0Tfx9r0nTv9U
openid: oLdEn48Vhg0IQJzY25ammyoVh9w0
session_key: QqktpfGnO+SE/jx8avnHCQ==
session_id:164c04bb869e69b2ca051ae193fddcc9
Request path:/onLogin
code:061Q0NER1n5m291RRIER1EDrER1Q0NEE
openid: oLdEn48Vhg0IQJzY25ammyoVh9w0
session_key: QqktpfGnO+SE/jx8avnHCQ==
session_id:164c04bb869e69b2ca051ae193fddcc9
Request path:/GetBankList
sessionid is invalid
Request path:/onLogin
code:061l7ONF04vkTk2qdpRF0wXNNF0l7ONx
openid: oLdEn48Vhg0IQJzY25ammyoVh9w0
session_key: k4M0a/INY6mftyPRVIgkRg==
session_id:dd6a3d5e2dae27e49e038183581db901
Request path:/GetBankList
sessionid is invalid
Request path:/onLogin
code:011d6SsQ0vGxn92ekquQ0tQWsQ0d6SsP
openid: oLdEn48Vhg0IQJzY25ammyoVh9w0
session_key: k4M0a/INY6mftyPRVIgkRg==
session_id:dd6a3d5e2dae27e49e038183581db901
Request path:/GetBankList
sessionid is invalid
Request path:/onLogin
code:021AC0wb2zqL3O05vywb29LRvb2AC0wX
openid: oLdEn48Vhg0IQJzY25ammyoVh9w0
session_key: k4M0a/INY6mftyPRVIgkRg==
session_id:dd6a3d5e2dae27e49e038183581db901
Request path:/GetBankList
sessionid is invalid
Request path:/onLogin
code:061tDwaE0REIrc2uhqdE0KKfaE0tDwak
openid: oLdEn48Vhg0IQJzY25ammyoVh9w0
session_key: MrgtfEqWuGypy7xM/VBoYQ==
session_id:9b63ea85abd68dfa3191b742cb80ee05
Request path:/GetBankList
sessionid is invalid
Request path:/onLogin
code:011Gc4cD1R10L20PNmdD1JjlcD1Gc4cr
openid: oLdEn48Vhg0IQJzY25ammyoVh9w0
session_key: MrgtfEqWuGypy7xM/VBoYQ==
session_id:9b63ea85abd68dfa3191b742cb80ee05
Request path:/GetBankList
sessionid is invalid
Request path:/onLogin
code:021h50of1IBiEz0hSIlf1Me7of1h50op
openid: oLdEn48Vhg0IQJzY25ammyoVh9w0
session_key: MrgtfEqWuGypy7xM/VBoYQ==
session_id:9b63ea85abd68dfa3191b742cb80ee05
Request path:/GetBankList
sessionid is invalid
Request path:/onLogin
code:081MnD1l1cOJNk0as0Yk1gqz1l1MnD1m
openid: oLdEn48Vhg0IQJzY25ammyoVh9w0
session_key: MrgtfEqWuGypy7xM/VBoYQ==
session_id:9b63ea85abd68dfa3191b742cb80ee05
Request path:/GetBankList
sessionid is invalid
Request path:/onLogin
code:001QqrQf0f4VsA1gqsTf0KsEQf0QqrQ2
openid: oLdEn48Vhg0IQJzY25ammyoVh9w0
session_key: MrgtfEqWuGypy7xM/VBoYQ==
session_id:9b63ea85abd68dfa3191b742cb80ee05
Request path:/GetBankList
sessionid is invalid
Request path:/GetBankList
sessionid is invalid
Request path:/GetBankList
sessionid is invalid
Request path:/GetBankList
sessionid is invalid
HTTPS server is running on https://localhost:10001
redis connect successful
Request path:/GetBankList
sessionid is invalid
Request path:/GetBankList
sessionid is invalid
Request path:/onLogin
code:011oqTYv1Z5ZPa02KFXv1xYgZv1oqTYF
openid: oLdEn48Vhg0IQJzY25ammyoVh9w0
session_key: qnpxD1fB6h/rQXHh8WuxUg==
session_id:6de84399e54345d5a05b93e51335ea66
Request path:/onLogin
code:011oqTYv1Z5ZPa02KFXv1xYgZv1oqTYF
openid: undefined
session_key: undefined
Request path:/GetBankList
sessionid is invalid
Request path:/onLogin
code:071qDgmL0W1iy62eGGmL0fNumL0qDgmw
openid: oLdEn48Vhg0IQJzY25ammyoVh9w0
session_key: oyr549VcpBc92wnhDIS3qg==
session_id:1f39b90f7565955cb9aef910366d7afd
Request path:/GetBankList
sessionid is invalid
Request path:/onLogin
code:0814Fhxu1KNugc0uDhBu1Rzlxu14Fhxb
openid: oLdEn48Vhg0IQJzY25ammyoVh9w0
session_key: oyr549VcpBc92wnhDIS3qg==
session_id:1f39b90f7565955cb9aef910366d7afd
Request path:/GetBankList
sessionid is invalid
Request path:/onLogin
code:021bAj5O0nGrtb2xXK4O047i5O0bAj5x
openid: oLdEn48Vhg0IQJzY25ammyoVh9w0
session_key: oyr549VcpBc92wnhDIS3qg==
session_id:1f39b90f7565955cb9aef910366d7afd
Request path:/onLogin
code:071qDgmL0W1iy62eGGmL0fNumL0qDgmw
openid: undefined
session_key: undefined
Request path:/GetBankList
sessionid is invalid
Request path:/onLogin
code:001vB4N00nglsG109HQ0080ZM00vB4Na
openid: oLdEn48Vhg0IQJzY25ammyoVh9w0
session_key: bwPAoDlxuYOCefAnfJjx+A==
session_id:61507b03e81197616ea59c0230592939
Request path:/onLogin
code:0814Fhxu1KNugc0uDhBu1Rzlxu14Fhxb
openid: undefined
session_key: undefined
Request path:/onLogin
code:021bAj5O0nGrtb2xXK4O047i5O0bAj5x
openid: undefined
session_key: undefined
Request path:/GetBankList
sessionid is invalid
Request path:/onLogin
code:071rHSqJ1qh6C60cVWnJ1YP4rJ1rHSqZ
openid: oLdEn48Vhg0IQJzY25ammyoVh9w0
session_key: bwPAoDlxuYOCefAnfJjx+A==
session_id:61507b03e81197616ea59c0230592939
Request path:/GetBankList
sessionid is invalid
Request path:/onLogin
code:081hUz3Q1tOOM91JyM3Q1d3x3Q1hUz32
openid: oLdEn48Vhg0IQJzY25ammyoVh9w0
session_key: bwPAoDlxuYOCefAnfJjx+A==
session_id:61507b03e81197616ea59c0230592939
Request path:/onLogin
code:001vB4N00nglsG109HQ0080ZM00vB4Na
openid: undefined
session_key: undefined
Request path:/onLogin
code:071rHSqJ1qh6C60cVWnJ1YP4rJ1rHSqZ
openid: undefined
session_key: undefined
Request path:/onLogin
code:081hUz3Q1tOOM91JyM3Q1d3x3Q1hUz32
openid: undefined
session_key: undefined
Request path:/GetBankList
sessionid is invalid
Request path:/onLogin
code:021QhilA04VB0g2gCToA0uCflA0QhilL
openid: oLdEn48Vhg0IQJzY25ammyoVh9w0
session_key: Jxc1zwmG67rZ+laMPm3BHQ==
session_id:20149c502b89675a5380dd55ac6a02cb
Request path:/GetBankList
sessionid is invalid
Request path:/onLogin
code:061k0Lci0RiKsn1vSXbi02ZBci0k0LcE
openid: oLdEn48Vhg0IQJzY25ammyoVh9w0
session_key: Jxc1zwmG67rZ+laMPm3BHQ==
session_id:20149c502b89675a5380dd55ac6a02cb
Request path:/onLogin
code:021QhilA04VB0g2gCToA0uCflA0QhilL
openid: undefined
session_key: undefined
Request path:/onLogin
code:061k0Lci0RiKsn1vSXbi02ZBci0k0LcE
openid: undefined
session_key: undefined
HTTPS server is running on https://localhost:10001
redis connect successful
Request path:/GetBankList
session_id:undefined
sessionid is invalid
Request path:/onLogin
code:071ZF73J0cAQMh25cB0J0gGK2J0ZF73e
openid: oLdEn48Vhg0IQJzY25ammyoVh9w0
session_key: q5e+KvLtWWM3QcbceMNQ8w==
session_id:0b832a05037b92c9b8602e2533721bbb
Request path:/onLogin
code:071ZF73J0cAQMh25cB0J0gGK2J0ZF73e
openid: undefined
session_key: undefined
HTTPS server is running on https://localhost:10001
redis connect successful
Request path:/GetBankList
session_id:undefined
sessionid is invalid
Request path:/onLogin
code:061CPco51zjv6L1zNCo51iypo51CPcoR
openid: oLdEn48Vhg0IQJzY25ammyoVh9w0
session_key: myd0EAKBDzI7FCKnWme/KA==
session_id:2fd004acb75802c72dba0006420cc77b
Request path:/GetBankList
session_id:undefined
sessionid is invalid
HTTPS server is running on https://localhost:10001
redis connect successful
Request path:/GetBankList
session_id:undefined
sessionid is invalid, errorCode: 4002
HTTPS server is running on https://localhost:10001
redis connect successful
events.js:167
      throw er; // Unhandled 'error' event
      ^

Error: listen EADDRINUSE :::10001
    at Server.setupListenHandle [as _listen2] (net.js:1335:14)
    at listenInCluster (net.js:1383:12)
    at Server.listen (net.js:1470:7)
    at Object.<anonymous> (/root/webServer/server3.js:34:13)
    at Module._compile (internal/modules/cjs/loader.js:689:30)
    at Object.Module._extensions..js (internal/modules/cjs/loader.js:700:10)
    at Module.load (internal/modules/cjs/loader.js:599:32)
    at tryModuleLoad (internal/modules/cjs/loader.js:538:12)
    at Function.Module._load (internal/modules/cjs/loader.js:530:3)
    at Function.Module.runMain (internal/modules/cjs/loader.js:742:12)
Emitted 'error' event at:
    at emitErrorNT (net.js:1362:8)
    at process._tickCallback (internal/process/next_tick.js:63:19)
    at Function.Module.runMain (internal/modules/cjs/loader.js:745:11)
    at startup (internal/bootstrap/node.js:266:19)
    at bootstrapNodeJSCore (internal/bootstrap/node.js:595:3)
Request path:/DescribeDepositProducts
session_id:undefined
sessionid is invalid, errorCode: 8002
Request path:/GetBankList
session_id:undefined
sessionid is invalid, errorCode: 8002
Request path:/GetBankList
session_id:undefined
sessionid is invalid, errorCode: 8002
Request path:/onLogin
code:011G6rFs11Nwnn0hUSEs1vNdFs1G6rFN
openid: oLdEn48Vhg0IQJzY25ammyoVh9w0
session_key: OrAugzpSL19G5aZ+/D2YUg==
session_id:04d64f5ad28562333610a89129852dea
Request path:/GetBankList
session_id:undefined
sessionid is invalid, errorCode: 8002
Request path:/GetBankList
session_id:undefined
sessionid is invalid, errorCode: 8002
Request path:/GetBankList
session_id:undefined
sessionid is invalid, errorCode: 8002
